12:12:13.906 [main] INFO  - Starting Application using Java 17.0.8.1 with PID 25100 (C:\Users\zar16\IdeaProjects\govservice\backend\target\classes started by zar16 in C:\Users\zar16\IdeaProjects\govservice\backend)
12:12:13.907 [main] INFO  - No active profile set, falling back to 1 default profile: "default"
12:12:14.280 [main] INFO  - Bootstrapping Spring Data JPA repositories in DEFAULT mode.
12:12:14.363 [main] INFO  - Finished Spring Data repository scanning in 78 ms. Found 1 JPA repository interfaces.
12:12:14.640 [main] INFO  - Tomcat initialized with port(s): 8444 (http)
12:12:14.643 [main] INFO  - Initializing ProtocolHandler ["http-nio-8444"]
12:12:14.653 [main] INFO  - Starting service [Tomcat]
12:12:14.653 [main] INFO  - Starting Servlet engine: [Apache Tomcat/10.1.15]
12:12:14.699 [main] INFO  - Initializing Spring embedded WebApplicationContext
12:12:14.699 [main] INFO  - Root WebApplicationContext: initialization completed in 771 ms
12:12:14.741 [main] INFO  - HikariPool-1 - Starting...
12:12:14.825 [main] INFO  - HikariPool-1 - Added connection org.postgresql.jdbc.PgConnection@2ad7bd26
12:12:14.826 [main] INFO  - HikariPool-1 - Start completed.
12:12:14.868 [main] INFO  - Flyway Community Edition 9.22.3 by Redgate
12:12:14.868 [main] INFO  - See release notes here: https://rd.gt/416ObMi
12:12:14.868 [main] INFO  - 
12:12:14.877 [main] INFO  - Database: jdbc:postgresql://localhost:5432/servicedb (PostgreSQL 16.0)
12:12:14.879 [main] WARN  - Flyway upgrade recommended: PostgreSQL 16.0 is newer than this version of Flyway and support has not been tested. The latest supported version of PostgreSQL is 15.
12:12:14.898 [main] INFO  - Successfully validated 2 migrations (execution time 00:00.013s)
12:12:14.933 [main] INFO  - Current version of schema "public": 2
12:12:14.934 [main] INFO  - Schema "public" is up to date. No migration necessary.
12:12:14.973 [main] INFO  - HHH000204: Processing PersistenceUnitInfo [name: default]
12:12:14.997 [main] INFO  - HHH000412: Hibernate ORM core version 6.2.13.Final
12:12:14.998 [main] INFO  - HHH000406: Using bytecode reflection optimizer
12:12:15.128 [main] INFO  - No LoadTimeWeaver setup: ignoring JPA class transformer
12:12:15.589 [main] INFO  - HHH000489: No JTA platform available (set 'hibernate.transaction.jta.platform' to enable JTA platform integration)
12:12:15.590 [main] INFO  - Initialized JPA EntityManagerFactory for persistence unit 'default'
12:12:15.683 [main] WARN  - Using deprecated '-debug' fallback for parameter name resolution. Compile the affected code with '-parameters' instead or avoid its introspection: org.example.repository.UserRepository
12:12:16.000 [main] INFO  - Will secure any request with [org.springframework.security.web.session.DisableEncodeUrlFilter@6a9b8f33, org.springframework.security.web.context.request.async.WebAsyncManagerIntegrationFilter@5ac8916d, org.springframework.security.web.context.SecurityContextHolderFilter@66978c15, org.springframework.security.web.header.HeaderWriterFilter@14060410, org.springframework.security.web.authentication.logout.LogoutFilter@359903b6, org.example.config.JwtAuthFilter@29ebaf2f, org.springframework.security.web.savedrequest.RequestCacheAwareFilter@61b6f287, org.springframework.security.web.servletapi.SecurityContextHolderAwareRequestFilter@360432d3, org.springframework.security.web.authentication.AnonymousAuthenticationFilter@7375ebe7, org.springframework.security.web.session.SessionManagementFilter@2735a7dc, org.springframework.security.web.access.ExceptionTranslationFilter@232899d1, org.springframework.security.web.access.intercept.AuthorizationFilter@14a488ed]
12:12:16.189 [main] INFO  - Starting ProtocolHandler ["http-nio-8444"]
12:12:16.197 [main] INFO  - Tomcat started on port(s): 8444 (http) with context path ''
12:12:16.203 [main] INFO  - Started Application in 2.456 seconds (process running for 2.85)
12:12:57.451 [http-nio-8444-exec-1] INFO  - Initializing Spring DispatcherServlet 'dispatcherServlet'
12:12:57.452 [http-nio-8444-exec-1] INFO  - Initializing Servlet 'dispatcherServlet'
12:12:57.453 [http-nio-8444-exec-1] INFO  - Completed initialization in 1 ms
12:12:57.626 [http-nio-8444-exec-1] INFO  - Username: example@gmail.com
12:12:57.846 [http-nio-8444-exec-1] WARN  - Invalid credentials
12:13:15.135 [SpringApplicationShutdownHook] INFO  - Closing JPA EntityManagerFactory for persistence unit 'default'
12:13:15.136 [SpringApplicationShutdownHook] INFO  - HikariPool-1 - Shutdown initiated...
12:13:15.137 [SpringApplicationShutdownHook] INFO  - HikariPool-1 - Shutdown completed.
